<?xml version="1.0" encoding="UTF-8"?>
<!-- Generated by org.testng.reporters.JUnitReportReporter -->
<testsuite hostname="rohitpunekar" failures="0" tests="5" name="tests.TestCases" time="10.056" errors="0" timestamp="2024-11-15T14:16:31 IST" skipped="0">
  <testcase classname="tests.TestCases" name="create_issue" time="5.191"/>
  <testcase classname="tests.TestCases" name="send_attachment" time="3.258"/>
  <testcase classname="tests.TestCases" name="update_issue" time="0.614"/>
  <testcase classname="tests.TestCases" name="delete_issue" time="0.699"/>
  <testcase classname="tests.TestCases" name="delete_validation" time="0.294"/>
</testsuite> <!-- tests.TestCases -->
